<?xml version="1.0" encoding="UTF-8"?>
<!-- Generated by org.testng.reporters.JUnitReportReporter -->
<testsuite hostname="JOR-SMAJALI-NB0" failures="0" tests="3" name="GET_Request.Get_Data" time="1.532" errors="0" timestamp="2020-05-10T11:13:46 EEST" skipped="0">
  <testcase classname="GET_Request.Get_Data" name="TC01_GetWeatherDetailsForValidCity" time="1.463"/>
  <testcase classname="GET_Request.Get_Data" name="TC03_GetWeatherDetailsForEmptyCity" time="0.022"/>
  <testcase classname="GET_Request.Get_Data" name="TC02_GetWeatherDetailsForInvalidCity" time="0.047"/>
</testsuite> <!-- GET_Request.Get_Data -->
